Build started 12/31/2017 5:58:20 PM.
     1>Project "C:\Users\General4\Documents\Visual Studio 2010\Projects\GameEngine\GameEngine\GameEngine.vcxproj" on node 2 (build target(s)).
     1>PrepareForBuild:
         Creating directory "C:\Users\General4\Documents\Visual Studio 2010\Projects\GameEngine\Debug\".
       InitializeBuildStatus:
         Creating "Debug\GameEngine.unsuccessfulbuild" because "AlwaysCreate" was specified.
       ClCompile:
         C:\Program Files (x86)\Microsoft Visual Studio 10.0\VC\bin\CL.exe /c /ZI /nologo /W3 /WX- /Od /Oy- /D WIN32 /D _DEBUG /D _WINDOWS /D _UNICODE /D UNICODE /Gm /EHsc /RTC1 /MDd /GS /fp:precise /Zc:wchar_t /Zc:forScope /Fo"Debug\\" /Fd"Debug\vc100.pdb" /Gd /TP /analyze- /errorReport:prompt DrawUtils.cpp main.cpp
         main.cpp
         DrawUtils.cpp
     1>c:\users\general4\documents\visual studio 2010\projects\gameengine\gameengine\drawutils.cpp(16): warning C4996: 'fopen': This function or variable may be unsafe. Consider using fopen_s instead. To disable deprecation, use _CRT_SECURE_NO_WARNINGS. See online help for details.
                 c:\program files (x86)\microsoft visual studio 10.0\vc\include\stdio.h(234) : see declaration of 'fopen'
         Generating Code...
       ManifestResourceCompile:
         C:\Program Files (x86)\Microsoft SDKs\Windows\v7.0A\bin\rc.exe /nologo /fo"Debug\GameEngine.exe.embed.manifest.res" Debug\GameEngine_manifest.rc 
       Link:
         C:\Program Files (x86)\Microsoft Visual Studio 10.0\VC\bin\link.exe /ERRORREPORT:PROMPT /OUT:"C:\Users\General4\Documents\Visual Studio 2010\Projects\GameEngine\Debug\GameEngine.exe" /INCREMENTAL /NOLOGO opengl32.lib glew32.lib SDL2.lib glu32.lib kernel32.lib user32.lib gdi32.lib winspool.lib comdlg32.lib advapi32.lib shell32.lib ole32.lib oleaut32.lib uuid.lib odbc32.lib odbccp32.lib /MANIFEST /ManifestFile:"Debug\GameEngine.exe.intermediate.manifest" /MANIFESTUAC:"level='asInvoker' uiAccess='false'" /DEBUG /PDB:"C:\Users\General4\Documents\Visual Studio 2010\Projects\GameEngine\Debug\GameEngine.pdb" /SUBSYSTEM:CONSOLE /TLBID:1 /DYNAMICBASE /NXCOMPAT /IMPLIB:"C:\Users\General4\Documents\Visual Studio 2010\Projects\GameEngine\Debug\GameEngine.lib" /MACHINE:X86 Debug\GameEngine.exe.embed.manifest.res
         Debug\DrawUtils.obj
         Debug\main.obj
       Manifest:
         C:\Program Files (x86)\Microsoft SDKs\Windows\v7.0A\bin\mt.exe /nologo /verbose /out:"Debug\GameEngine.exe.embed.manifest" /manifest Debug\GameEngine.exe.intermediate.manifest
         C:\Program Files (x86)\Microsoft SDKs\Windows\v7.0A\bin\rc.exe /nologo /fo"Debug\GameEngine.exe.embed.manifest.res" Debug\GameEngine_manifest.rc 
       LinkEmbedManifest:
         C:\Program Files (x86)\Microsoft Visual Studio 10.0\VC\bin\link.exe /ERRORREPORT:PROMPT /OUT:"C:\Users\General4\Documents\Visual Studio 2010\Projects\GameEngine\Debug\GameEngine.exe" /INCREMENTAL /NOLOGO opengl32.lib glew32.lib SDL2.lib glu32.lib kernel32.lib user32.lib gdi32.lib winspool.lib comdlg32.lib advapi32.lib shell32.lib ole32.lib oleaut32.lib uuid.lib odbc32.lib odbccp32.lib /MANIFEST /ManifestFile:"Debug\GameEngine.exe.intermediate.manifest" /MANIFESTUAC:"level='asInvoker' uiAccess='false'" /DEBUG /PDB:"C:\Users\General4\Documents\Visual Studio 2010\Projects\GameEngine\Debug\GameEngine.pdb" /SUBSYSTEM:CONSOLE /TLBID:1 /DYNAMICBASE /NXCOMPAT /IMPLIB:"C:\Users\General4\Documents\Visual Studio 2010\Projects\GameEngine\Debug\GameEngine.lib" /MACHINE:X86 Debug\GameEngine.exe.embed.manifest.res
         Debug\DrawUtils.obj
         Debug\main.obj
         GameEngine.vcxproj -> C:\Users\General4\Documents\Visual Studio 2010\Projects\GameEngine\Debug\GameEngine.exe
       FinalizeBuildStatus:
         Deleting file "Debug\GameEngine.unsuccessfulbuild".
         Touching "Debug\GameEngine.lastbuildstate".
     1>Done Building Project "C:\Users\General4\Documents\Visual Studio 2010\Projects\GameEngine\GameEngine\GameEngine.vcxproj" (build target(s)).

Build succeeded.

Time Elapsed 00:00:02.60
